#-----------------------------------------------------------
# Vivado v2019.2 (64-bit)
# SW Build 2708876 on Wed Nov  6 21:40:23 MST 2019
# IP Build 2700528 on Thu Nov  7 00:09:20 MST 2019
# Start of session at: Mon Feb 10 19:05:30 2020
# Process ID: 1140
# Current directory: C:/Dilation_erosion
# Command line: vivado.exe -gui_launcher_event rodinguilauncherevent10452 C:\Dilation_erosion\OV7670_VGA_Dispaly.xpr
# Log file: C:/Dilation_erosion/vivado.log
# Journal file: C:/Dilation_erosion\vivado.jou
#-----------------------------------------------------------
start_gui
open_project C:/Dilation_erosion/OV7670_VGA_Dispaly.xpr
Scanning sources...
Finished scanning sources
INFO: [IP_Flow 19-234] Refreshing IP repositories
CRITICAL WARNING: [IP_Flow 19-1977] Unable to read IP file c:/Users/11986/OneDrive/桌面/vivado-library-master/ip/AXI_DPTI_1.0/component.xml. This IP will not be included in the IP Catalog.
CRITICAL WARNING: [IP_Flow 19-1977] Unable to read IP file c:/Users/11986/OneDrive/桌面/vivado-library-master/ip/axi_dynclk_v1_0/component.xml. This IP will not be included in the IP Catalog.
CRITICAL WARNING: [IP_Flow 19-1977] Unable to read IP file c:/Users/11986/OneDrive/桌面/vivado-library-master/ip/axi_i2s_adi_1.2/component.xml. This IP will not be included in the IP Catalog.
CRITICAL WARNING: [IP_Flow 19-1977] Unable to read IP file c:/Users/11986/OneDrive/桌面/vivado-library-master/ip/axi_ps2_1.0/component.xml. This IP will not be included in the IP Catalog.
CRITICAL WARNING: [IP_Flow 19-1977] Unable to read IP file c:/Users/11986/OneDrive/桌面/vivado-library-master/ip/clock_forwarder/component.xml. This IP will not be included in the IP Catalog.
CRITICAL WARNING: [IP_Flow 19-1977] Unable to read IP file c:/Users/11986/OneDrive/桌面/vivado-library-master/ip/dvi2rgb/component.xml. This IP will not be included in the IP Catalog.
CRITICAL WARNING: [IP_Flow 19-1977] Unable to read IP file c:/Users/11986/OneDrive/桌面/vivado-library-master/ip/hls_contrast_stretch_1_0/component.xml. This IP will not be included in the IP Catalog.
CRITICAL WARNING: [IP_Flow 19-1977] Unable to read IP file c:/Users/11986/OneDrive/桌面/vivado-library-master/ip/hls_gamma_correction_1_0/component.xml. This IP will not be included in the IP Catalog.
CRITICAL WARNING: [IP_Flow 19-1977] Unable to read IP file c:/Users/11986/OneDrive/桌面/vivado-library-master/ip/hls_saturation_enhance_1_0/component.xml. This IP will not be included in the IP Catalog.
CRITICAL WARNING: [IP_Flow 19-1977] Unable to read IP file c:/Users/11986/OneDrive/桌面/vivado-library-master/ip/MotorFeedback_1.0/component.xml. This IP will not be included in the IP Catalog.
CRITICAL WARNING: [IP_Flow 19-1977] Unable to read IP file c:/Users/11986/OneDrive/桌面/vivado-library-master/ip/PWM_1.0/component.xml. This IP will not be included in the IP Catalog.
CRITICAL WARNING: [IP_Flow 19-1977] Unable to read IP file c:/Users/11986/OneDrive/桌面/vivado-library-master/ip/PWM_2.0/component.xml. This IP will not be included in the IP Catalog.
CRITICAL WARNING: [IP_Flow 19-1977] Unable to read IP file c:/Users/11986/OneDrive/桌面/vivado-library-master/ip/PWM_Analyzer_1.0/component.xml. This IP will not be included in the IP Catalog.
CRITICAL WARNING: [IP_Flow 19-1977] Unable to read IP file c:/Users/11986/OneDrive/桌面/vivado-library-master/ip/rgb2dpvid_v1_0/component.xml. This IP will not be included in the IP Catalog.
CRITICAL WARNING: [IP_Flow 19-1977] Unable to read IP file c:/Users/11986/OneDrive/桌面/vivado-library-master/ip/rgb2dvi/component.xml. This IP will not be included in the IP Catalog.
CRITICAL WARNING: [IP_Flow 19-1977] Unable to read IP file c:/Users/11986/OneDrive/桌面/vivado-library-master/ip/rgb2vga_v1_0/component.xml. This IP will not be included in the IP Catalog.
CRITICAL WARNING: [IP_Flow 19-1977] Unable to read IP file c:/Users/11986/OneDrive/桌面/vivado-library-master/ip/Sync_v1_0/component.xml. This IP will not be included in the IP Catalog.
CRITICAL WARNING: [IP_Flow 19-1977] Unable to read IP file c:/Users/11986/OneDrive/桌面/vivado-library-master/ip/usb2device_v1_0/component.xml. This IP will not be included in the IP Catalog.
CRITICAL WARNING: [IP_Flow 19-1977] Unable to read IP file c:/Users/11986/OneDrive/桌面/vivado-library-master/ip/video_scaler/component.xml. This IP will not be included in the IP Catalog.
INFO: [IP_Flow 19-1700] Loaded user IP repository 'c:/Users/11986/OneDrive/桌面/vivado-library-master/ip'.
INFO: [IP_Flow 19-2313] Loaded Vivado IP repository 'D:/Vivado/2019.2/data/ip'.
WARNING: [IP_Flow 19-2162] IP 'rgb2dvi_0' is locked:
* IP definition 'rgb2dvi (1.4)' for IP 'rgb2dvi_0' (customized with software release 2019.2) was not found in the IP Catalog.
open_project: Time (s): cpu = 00:00:33 ; elapsed = 00:00:32 . Memory (MB): peak = 912.641 ; gain = 305.895
update_compile_order -fileset sources_1
report_ip_status -name ip_status 
set_property  ip_repo_paths  {} [current_project]
update_ip_catalog
INFO: [IP_Flow 19-234] Refreshing IP repositories
INFO: [IP_Flow 19-1704] No user IP repositories specified
set_property  ip_repo_paths  C:/Users/11986/Desktop/vivado-library-master [current_project]
update_ip_catalog
INFO: [IP_Flow 19-234] Refreshing IP repositories
INFO: [IP_Flow 19-1700] Loaded user IP repository 'c:/Users/11986/Desktop/vivado-library-master'.
update_ip_catalog: Time (s): cpu = 00:00:05 ; elapsed = 00:00:05 . Memory (MB): peak = 1197.750 ; gain = 0.000
set_property  ip_repo_paths  {} [current_project]
update_ip_catalog
INFO: [IP_Flow 19-234] Refreshing IP repositories
INFO: [IP_Flow 19-1704] No user IP repositories specified
set_property  ip_repo_paths  C:/Users/11986/Desktop/vivado-library-master/ip [current_project]
update_ip_catalog
INFO: [IP_Flow 19-234] Refreshing IP repositories
INFO: [IP_Flow 19-1700] Loaded user IP repository 'c:/Users/11986/Desktop/vivado-library-master/ip'.
update_ip_catalog -rebuild
INFO: [IP_Flow 19-234] Refreshing IP repositories
INFO: [IP_Flow 19-1700] Loaded user IP repository 'c:/Users/11986/Desktop/vivado-library-master/ip'.
reset_run synth_2
launch_runs impl_2 -to_step write_bitstream -jobs 4
[Mon Feb 10 19:13:22 2020] Launched synth_2...
Run output will be captured here: C:/Dilation_erosion/OV7670_VGA_Dispaly.runs/synth_2/runme.log
[Mon Feb 10 19:13:22 2020] Launched impl_2...
Run output will be captured here: C:/Dilation_erosion/OV7670_VGA_Dispaly.runs/impl_2/runme.log
reset_run synth_2
launch_runs impl_2 -to_step write_bitstream -jobs 4
[Mon Feb 10 19:14:07 2020] Launched synth_2...
Run output will be captured here: C:/Dilation_erosion/OV7670_VGA_Dispaly.runs/synth_2/runme.log
[Mon Feb 10 19:14:07 2020] Launched impl_2...
Run output will be captured here: C:/Dilation_erosion/OV7670_VGA_Dispaly.runs/impl_2/runme.log
open_hw_manager
connect_hw_server -allow_non_jtag
INFO: [Labtools 27-2285] Connecting to hw_server url TCP:localhost:3121
INFO: [Labtools 27-3415] Connecting to cs_server url TCP:localhost:3042
INFO: [Labtools 27-3414] Connected to existing cs_server.
open_hw_target
INFO: [Labtoolstcl 44-466] Opening hw_target localhost:3121/xilinx_tcf/Digilent/003017A8BA07A
open_hw_target: Time (s): cpu = 00:00:05 ; elapsed = 00:00:08 . Memory (MB): peak = 2346.133 ; gain = 856.563
set_property PROGRAM.FILE {C:/Dilation_erosion/OV7670_VGA_Dispaly.runs/impl_2/ov7670_top.bit} [get_hw_devices xc7z020_1]
current_hw_device [get_hw_devices xc7z020_1]
refresh_hw_device -update_hw_probes false [lindex [get_hw_devices xc7z020_1] 0]
INFO: [Labtools 27-1434] Device xc7z020 (JTAG device index = 1) is programmed with a design that has no supported debug core(s) in it.
set_property PROBES.FILE {} [get_hw_devices xc7z020_1]
set_property FULL_PROBES.FILE {} [get_hw_devices xc7z020_1]
set_property PROGRAM.FILE {C:/Dilation_erosion/OV7670_VGA_Dispaly.runs/impl_2/ov7670_top.bit} [get_hw_devices xc7z020_1]
program_hw_devices [get_hw_devices xc7z020_1]
INFO: [Labtools 27-3164] End of startup status: HIGH
refresh_hw_device [lindex [get_hw_devices xc7z020_1] 0]
INFO: [Labtools 27-1434] Device xc7z020 (JTAG device index = 1) is programmed with a design that has no supported debug core(s) in it.
ERROR: [Labtoolstcl 44-513] HW Target shutdown. Closing target: localhost:3121/xilinx_tcf/Digilent/003017A8BA07A
reset_run synth_2
WARNING: [Vivado 12-1017] Problems encountered:
1. Failed to delete one or more files in run directory C:/Dilation_erosion/OV7670_VGA_Dispaly.runs/synth_2

launch_runs impl_2 -to_step write_bitstream -jobs 4
[Mon Feb 10 19:21:05 2020] Launched synth_2...
Run output will be captured here: C:/Dilation_erosion/OV7670_VGA_Dispaly.runs/synth_2/runme.log
[Mon Feb 10 19:21:05 2020] Launched impl_2...
Run output will be captured here: C:/Dilation_erosion/OV7670_VGA_Dispaly.runs/impl_2/runme.log
INFO: [Labtoolstcl 44-466] Opening hw_target localhost:3121/xilinx_tcf/Digilent/003017A8BA07A
WARNING: [Labtoolstcl 44-129] No matching hw_ila_data was found.
INFO: [Labtools 27-1435] Device xc7z020 (JTAG device index = 1) is not programmed (DONE status = 0).
WARNING: [Labtoolstcl 44-129] No matching hw_ila_data was found.
update_compile_order -fileset sources_1
set_property PROBES.FILE {} [get_hw_devices xc7z020_1]
set_property FULL_PROBES.FILE {} [get_hw_devices xc7z020_1]
set_property PROGRAM.FILE {C:/Dilation_erosion/OV7670_VGA_Dispaly.runs/impl_2/ov7670_top.bit} [get_hw_devices xc7z020_1]
program_hw_devices [get_hw_devices xc7z020_1]
INFO: [Labtools 27-3164] End of startup status: HIGH
refresh_hw_device [lindex [get_hw_devices xc7z020_1] 0]
INFO: [Labtools 27-1434] Device xc7z020 (JTAG device index = 1) is programmed with a design that has no supported debug core(s) in it.
ERROR: [Labtoolstcl 44-513] HW Target shutdown. Closing target: localhost:3121/xilinx_tcf/Digilent/003017A8BA07A
reset_run synth_2
WARNING: [Vivado 12-1017] Problems encountered:
1. Failed to delete one or more files in run directory C:/Dilation_erosion/OV7670_VGA_Dispaly.runs/synth_2

launch_runs impl_2 -to_step write_bitstream -jobs 4
[Mon Feb 10 19:27:36 2020] Launched synth_2...
Run output will be captured here: C:/Dilation_erosion/OV7670_VGA_Dispaly.runs/synth_2/runme.log
[Mon Feb 10 19:27:36 2020] Launched impl_2...
Run output will be captured here: C:/Dilation_erosion/OV7670_VGA_Dispaly.runs/impl_2/runme.log
INFO: [Labtoolstcl 44-466] Opening hw_target localhost:3121/xilinx_tcf/Digilent/003017A8BA07A
WARNING: [Labtoolstcl 44-129] No matching hw_ila_data was found.
INFO: [Labtools 27-1435] Device xc7z020 (JTAG device index = 1) is not programmed (DONE status = 0).
WARNING: [Labtoolstcl 44-129] No matching hw_ila_data was found.
set_property PROBES.FILE {} [get_hw_devices xc7z020_1]
set_property FULL_PROBES.FILE {} [get_hw_devices xc7z020_1]
set_property PROGRAM.FILE {C:/Dilation_erosion/OV7670_VGA_Dispaly.runs/impl_2/ov7670_top.bit} [get_hw_devices xc7z020_1]
program_hw_devices [get_hw_devices xc7z020_1]
INFO: [Labtools 27-3164] End of startup status: HIGH
refresh_hw_device [lindex [get_hw_devices xc7z020_1] 0]
INFO: [Labtools 27-1434] Device xc7z020 (JTAG device index = 1) is programmed with a design that has no supported debug core(s) in it.
reset_run synth_2
WARNING: [Vivado 12-1017] Problems encountered:
1. Failed to delete one or more files in run directory C:/Dilation_erosion/OV7670_VGA_Dispaly.runs/synth_2

launch_runs impl_2 -to_step write_bitstream -jobs 4
[Mon Feb 10 19:35:56 2020] Launched synth_2...
Run output will be captured here: C:/Dilation_erosion/OV7670_VGA_Dispaly.runs/synth_2/runme.log
[Mon Feb 10 19:35:56 2020] Launched impl_2...
Run output will be captured here: C:/Dilation_erosion/OV7670_VGA_Dispaly.runs/impl_2/runme.log
ERROR: [Labtoolstcl 44-513] HW Target shutdown. Closing target: localhost:3121/xilinx_tcf/Digilent/003017A8BA07A
INFO: [Labtoolstcl 44-466] Opening hw_target localhost:3121/xilinx_tcf/Digilent/003017A8BA07A
WARNING: [Labtoolstcl 44-129] No matching hw_ila_data was found.
INFO: [Labtools 27-1435] Device xc7z020 (JTAG device index = 1) is not programmed (DONE status = 0).
WARNING: [Labtoolstcl 44-129] No matching hw_ila_data was found.
set_property PROBES.FILE {} [get_hw_devices xc7z020_1]
set_property FULL_PROBES.FILE {} [get_hw_devices xc7z020_1]
set_property PROGRAM.FILE {C:/Dilation_erosion/OV7670_VGA_Dispaly.runs/impl_2/ov7670_top.bit} [get_hw_devices xc7z020_1]
program_hw_devices [get_hw_devices xc7z020_1]
INFO: [Labtools 27-3164] End of startup status: HIGH
refresh_hw_device [lindex [get_hw_devices xc7z020_1] 0]
INFO: [Labtools 27-1434] Device xc7z020 (JTAG device index = 1) is programmed with a design that has no supported debug core(s) in it.
ERROR: [Labtoolstcl 44-513] HW Target shutdown. Closing target: localhost:3121/xilinx_tcf/Digilent/003017A8BA07A
reset_run synth_2
WARNING: [Vivado 12-1017] Problems encountered:
1. Failed to delete one or more files in run directory C:/Dilation_erosion/OV7670_VGA_Dispaly.runs/synth_2

launch_runs impl_2 -to_step write_bitstream -jobs 4
[Mon Feb 10 19:44:38 2020] Launched synth_2...
Run output will be captured here: C:/Dilation_erosion/OV7670_VGA_Dispaly.runs/synth_2/runme.log
[Mon Feb 10 19:44:38 2020] Launched impl_2...
Run output will be captured here: C:/Dilation_erosion/OV7670_VGA_Dispaly.runs/impl_2/runme.log
update_ip_catalog -rebuild
INFO: [IP_Flow 19-234] Refreshing IP repositories
INFO: [IP_Flow 19-1700] Loaded user IP repository 'c:/Users/11986/Desktop/vivado-library-master/ip'.
WARNING: [filemgmt 56-199] Attempt to get parsing info during refresh. "On-the-fly" syntax checking information may be incorrect. [C:\Dilation_erosion\OV7670_VGA_Dispaly.srcs\sources_1\new\ov7670_capture.v:]
WARNING: [filemgmt 56-199] Attempt to get parsing info during refresh. "On-the-fly" syntax checking information may be incorrect. [C:\Dilation_erosion\OV7670_VGA_Dispaly.srcs\sources_1\new\Img_Processor.v:]
WARNING: [filemgmt 56-199] Attempt to get parsing info during refresh. "On-the-fly" syntax checking information may be incorrect. [C:\Dilation_erosion\OV7670_VGA_Dispaly.srcs\sources_1\new\ov7670_top.v:]
WARNING: [filemgmt 56-199] Attempt to get parsing info during refresh. "On-the-fly" syntax checking information may be incorrect. [C:\Dilation_erosion\OV7670_VGA_Dispaly.srcs\sources_1\new\ov7670_capture.v:]
WARNING: [filemgmt 56-199] Attempt to get parsing info during refresh. "On-the-fly" syntax checking information may be incorrect. [C:\Dilation_erosion\OV7670_VGA_Dispaly.srcs\sources_1\new\Img_Processor.v:]
WARNING: [filemgmt 56-199] Attempt to get parsing info during refresh. "On-the-fly" syntax checking information may be incorrect. [C:\Dilation_erosion\OV7670_VGA_Dispaly.srcs\sources_1\new\ov7670_top.v:]
ERROR: [Common 17-180] Spawn failed: No error
report_ip_status -name ip_status 
INFO: [Labtoolstcl 44-466] Opening hw_target localhost:3121/xilinx_tcf/Digilent/003017A8BA07A
WARNING: [Labtoolstcl 44-129] No matching hw_ila_data was found.
INFO: [Labtools 27-1435] Device xc7z020 (JTAG device index = 1) is not programmed (DONE status = 0).
WARNING: [Labtoolstcl 44-129] No matching hw_ila_data was found.
ERROR: [Labtoolstcl 44-513] HW Target shutdown. Closing target: localhost:3121/xilinx_tcf/Digilent/003017A8BA07A
INFO: [Labtoolstcl 44-466] Opening hw_target localhost:3121/xilinx_tcf/Digilent/003017A8BA07A
WARNING: [Labtoolstcl 44-129] No matching hw_ila_data was found.
INFO: [Labtools 27-1435] Device xc7z020 (JTAG device index = 1) is not programmed (DONE status = 0).
WARNING: [Labtoolstcl 44-129] No matching hw_ila_data was found.
set_property PROBES.FILE {} [get_hw_devices xc7z020_1]
set_property FULL_PROBES.FILE {} [get_hw_devices xc7z020_1]
set_property PROGRAM.FILE {C:/Dilation_erosion/OV7670_VGA_Dispaly.runs/impl_2/ov7670_top.bit} [get_hw_devices xc7z020_1]
program_hw_devices [get_hw_devices xc7z020_1]
INFO: [Labtools 27-3164] End of startup status: HIGH
refresh_hw_device [lindex [get_hw_devices xc7z020_1] 0]
INFO: [Labtools 27-1434] Device xc7z020 (JTAG device index = 1) is programmed with a design that has no supported debug core(s) in it.
ERROR: [Labtoolstcl 44-513] HW Target shutdown. Closing target: localhost:3121/xilinx_tcf/Digilent/003017A8BA07A
report_ip_status -name ip_status 
update_compile_order -fileset sources_1
reset_run synth_2
WARNING: [Vivado 12-1017] Problems encountered:
1. Failed to delete one or more files in run directory C:/Dilation_erosion/OV7670_VGA_Dispaly.runs/synth_2

launch_runs impl_2 -to_step write_bitstream -jobs 4
[Mon Feb 10 19:54:23 2020] Launched synth_2...
Run output will be captured here: C:/Dilation_erosion/OV7670_VGA_Dispaly.runs/synth_2/runme.log
[Mon Feb 10 19:54:23 2020] Launched impl_2...
Run output will be captured here: C:/Dilation_erosion/OV7670_VGA_Dispaly.runs/impl_2/runme.log
INFO: [Labtoolstcl 44-466] Opening hw_target localhost:3121/xilinx_tcf/Digilent/003017A8BA07A
WARNING: [Labtoolstcl 44-129] No matching hw_ila_data was found.
INFO: [Labtools 27-1435] Device xc7z020 (JTAG device index = 1) is not programmed (DONE status = 0).
WARNING: [Labtoolstcl 44-129] No matching hw_ila_data was found.
set_property PROBES.FILE {} [get_hw_devices xc7z020_1]
set_property FULL_PROBES.FILE {} [get_hw_devices xc7z020_1]
set_property PROGRAM.FILE {C:/Dilation_erosion/OV7670_VGA_Dispaly.runs/impl_2/ov7670_top.bit} [get_hw_devices xc7z020_1]
program_hw_devices [get_hw_devices xc7z020_1]
INFO: [Labtools 27-3164] End of startup status: HIGH
refresh_hw_device [lindex [get_hw_devices xc7z020_1] 0]
INFO: [Labtools 27-1434] Device xc7z020 (JTAG device index = 1) is programmed with a design that has no supported debug core(s) in it.
update_compile_order -fileset sources_1
ERROR: [Labtoolstcl 44-513] HW Target shutdown. Closing target: localhost:3121/xilinx_tcf/Digilent/003017A8BA07A
reset_run synth_2
WARNING: [Vivado 12-1017] Problems encountered:
1. Failed to delete one or more files in run directory C:/Dilation_erosion/OV7670_VGA_Dispaly.runs/synth_2

launch_runs impl_2 -to_step write_bitstream -jobs 4
[Mon Feb 10 20:00:12 2020] Launched synth_2...
Run output will be captured here: C:/Dilation_erosion/OV7670_VGA_Dispaly.runs/synth_2/runme.log
[Mon Feb 10 20:00:12 2020] Launched impl_2...
Run output will be captured here: C:/Dilation_erosion/OV7670_VGA_Dispaly.runs/impl_2/runme.log
INFO: [Labtoolstcl 44-466] Opening hw_target localhost:3121/xilinx_tcf/Digilent/003017A8BA07A
WARNING: [Labtoolstcl 44-129] No matching hw_ila_data was found.
INFO: [Labtools 27-1435] Device xc7z020 (JTAG device index = 1) is not programmed (DONE status = 0).
WARNING: [Labtoolstcl 44-129] No matching hw_ila_data was found.
set_property PROBES.FILE {} [get_hw_devices xc7z020_1]
set_property FULL_PROBES.FILE {} [get_hw_devices xc7z020_1]
set_property PROGRAM.FILE {C:/Dilation_erosion/OV7670_VGA_Dispaly.runs/impl_2/ov7670_top.bit} [get_hw_devices xc7z020_1]
program_hw_devices [get_hw_devices xc7z020_1]
INFO: [Labtools 27-3164] End of startup status: HIGH
refresh_hw_device [lindex [get_hw_devices xc7z020_1] 0]
INFO: [Labtools 27-1434] Device xc7z020 (JTAG device index = 1) is programmed with a design that has no supported debug core(s) in it.
ERROR: [Labtoolstcl 44-513] HW Target shutdown. Closing target: localhost:3121/xilinx_tcf/Digilent/003017A8BA07A
reset_run synth_2
WARNING: [Vivado 12-1017] Problems encountered:
1. Failed to delete one or more files in run directory C:/Dilation_erosion/OV7670_VGA_Dispaly.runs/synth_2

launch_runs impl_2 -to_step write_bitstream -jobs 4
[Mon Feb 10 20:08:12 2020] Launched synth_2...
Run output will be captured here: C:/Dilation_erosion/OV7670_VGA_Dispaly.runs/synth_2/runme.log
[Mon Feb 10 20:08:12 2020] Launched impl_2...
Run output will be captured here: C:/Dilation_erosion/OV7670_VGA_Dispaly.runs/impl_2/runme.log
INFO: [Labtoolstcl 44-466] Opening hw_target localhost:3121/xilinx_tcf/Digilent/003017A8BA07A
WARNING: [Labtoolstcl 44-129] No matching hw_ila_data was found.
INFO: [Labtools 27-1435] Device xc7z020 (JTAG device index = 1) is not programmed (DONE status = 0).
WARNING: [Labtoolstcl 44-129] No matching hw_ila_data was found.
ERROR: [Labtoolstcl 44-513] HW Target shutdown. Closing target: localhost:3121/xilinx_tcf/Digilent/003017A8BA07A
INFO: [Labtoolstcl 44-466] Opening hw_target localhost:3121/xilinx_tcf/Digilent/003017A8BA07A
WARNING: [Labtoolstcl 44-129] No matching hw_ila_data was found.
INFO: [Labtools 27-1435] Device xc7z020 (JTAG device index = 1) is not programmed (DONE status = 0).
WARNING: [Labtoolstcl 44-129] No matching hw_ila_data was found.
set_property PROBES.FILE {} [get_hw_devices xc7z020_1]
set_property FULL_PROBES.FILE {} [get_hw_devices xc7z020_1]
set_property PROGRAM.FILE {C:/Dilation_erosion/OV7670_VGA_Dispaly.runs/impl_2/ov7670_top.bit} [get_hw_devices xc7z020_1]
program_hw_devices [get_hw_devices xc7z020_1]
INFO: [Labtools 27-3164] End of startup status: HIGH
refresh_hw_device [lindex [get_hw_devices xc7z020_1] 0]
INFO: [Labtools 27-1434] Device xc7z020 (JTAG device index = 1) is programmed with a design that has no supported debug core(s) in it.
ERROR: [Labtoolstcl 44-513] HW Target shutdown. Closing target: localhost:3121/xilinx_tcf/Digilent/003017A8BA07A
update_compile_order -fileset sources_1
reset_run synth_2
WARNING: [Vivado 12-1017] Problems encountered:
1. Failed to delete one or more files in run directory C:/Dilation_erosion/OV7670_VGA_Dispaly.runs/synth_2

launch_runs impl_2 -to_step write_bitstream -jobs 4
[Mon Feb 10 20:24:56 2020] Launched synth_2...
Run output will be captured here: C:/Dilation_erosion/OV7670_VGA_Dispaly.runs/synth_2/runme.log
[Mon Feb 10 20:24:56 2020] Launched impl_2...
Run output will be captured here: C:/Dilation_erosion/OV7670_VGA_Dispaly.runs/impl_2/runme.log
INFO: [Labtoolstcl 44-466] Opening hw_target localhost:3121/xilinx_tcf/Digilent/003017A8BA07A
WARNING: [Labtoolstcl 44-129] No matching hw_ila_data was found.
INFO: [Labtools 27-1435] Device xc7z020 (JTAG device index = 1) is not programmed (DONE status = 0).
WARNING: [Labtoolstcl 44-129] No matching hw_ila_data was found.
set_property PROBES.FILE {} [get_hw_devices xc7z020_1]
set_property FULL_PROBES.FILE {} [get_hw_devices xc7z020_1]
set_property PROGRAM.FILE {C:/Dilation_erosion/OV7670_VGA_Dispaly.runs/impl_2/ov7670_top.bit} [get_hw_devices xc7z020_1]
program_hw_devices [get_hw_devices xc7z020_1]
INFO: [Labtools 27-3164] End of startup status: HIGH
refresh_hw_device [lindex [get_hw_devices xc7z020_1] 0]
INFO: [Labtools 27-1434] Device xc7z020 (JTAG device index = 1) is programmed with a design that has no supported debug core(s) in it.
ERROR: [Labtoolstcl 44-513] HW Target shutdown. Closing target: localhost:3121/xilinx_tcf/Digilent/003017A8BA07A
reset_run synth_2
WARNING: [Vivado 12-1017] Problems encountered:
1. Failed to delete one or more files in run directory C:/Dilation_erosion/OV7670_VGA_Dispaly.runs/synth_2

launch_runs impl_2 -to_step write_bitstream -jobs 4
[Mon Feb 10 20:33:18 2020] Launched synth_2...
Run output will be captured here: C:/Dilation_erosion/OV7670_VGA_Dispaly.runs/synth_2/runme.log
[Mon Feb 10 20:33:18 2020] Launched impl_2...
Run output will be captured here: C:/Dilation_erosion/OV7670_VGA_Dispaly.runs/impl_2/runme.log
INFO: [Labtoolstcl 44-466] Opening hw_target localhost:3121/xilinx_tcf/Digilent/003017A8BA07A
WARNING: [Labtoolstcl 44-129] No matching hw_ila_data was found.
INFO: [Labtools 27-1435] Device xc7z020 (JTAG device index = 1) is not programmed (DONE status = 0).
WARNING: [Labtoolstcl 44-129] No matching hw_ila_data was found.
set_property PROBES.FILE {} [get_hw_devices xc7z020_1]
set_property FULL_PROBES.FILE {} [get_hw_devices xc7z020_1]
set_property PROGRAM.FILE {C:/Dilation_erosion/OV7670_VGA_Dispaly.runs/impl_2/ov7670_top.bit} [get_hw_devices xc7z020_1]
program_hw_devices [get_hw_devices xc7z020_1]
INFO: [Labtools 27-3164] End of startup status: HIGH
refresh_hw_device [lindex [get_hw_devices xc7z020_1] 0]
INFO: [Labtools 27-1434] Device xc7z020 (JTAG device index = 1) is programmed with a design that has no supported debug core(s) in it.
ERROR: [Labtoolstcl 44-513] HW Target shutdown. Closing target: localhost:3121/xilinx_tcf/Digilent/003017A8BA07A
