#-----------------------------------------------------------
# Vivado v2019.2 (64-bit)
# SW Build 2708876 on Wed Nov  6 21:40:23 MST 2019
# IP Build 2700528 on Thu Nov  7 00:09:20 MST 2019
# Start of session at: Wed Feb 12 09:46:49 2020
# Process ID: 2224
# Current directory: C:/Users/11986/Desktop/Dilation_erosion
# Command line: vivado.exe -gui_launcher_event rodinguilauncherevent3564 C:\Users\11986\Desktop\Dilation_erosion\OV7670_VGA_Dispaly.xpr
# Log file: C:/Users/11986/Desktop/Dilation_erosion/vivado.log
# Journal file: C:/Users/11986/Desktop/Dilation_erosion\vivado.jou
#-----------------------------------------------------------
start_gui
open_project C:/Users/11986/Desktop/Dilation_erosion/OV7670_VGA_Dispaly.xpr
Scanning sources...
Finished scanning sources
INFO: [IP_Flow 19-234] Refreshing IP repositories
INFO: [IP_Flow 19-1700] Loaded user IP repository 'c:/Users/11986/Desktop/vivado-library-master/ip'.
INFO: [IP_Flow 19-2313] Loaded Vivado IP repository 'D:/Vivado/2019.2/data/ip'.
open_project: Time (s): cpu = 00:00:20 ; elapsed = 00:00:11 . Memory (MB): peak = 907.078 ; gain = 295.520
update_compile_order -fileset sources_1
exit
INFO: [Common 17-206] Exiting Vivado at Wed Feb 12 09:48:33 2020...
