#-----------------------------------------------------------
# Vivado v2019.2 (64-bit)
# SW Build 2700185 on Thu Oct 24 18:46:05 MDT 2019
# IP Build 2699827 on Thu Oct 24 21:16:38 MDT 2019
# Start of session at: Wed Feb  5 13:37:07 2020
# Process ID: 7576
# Current directory: C:/Users/11986/Desktop/Dilation_erosion
# Command line: vivado.exe -gui_launcher_event rodinguilauncherevent8464 C:\Users\11986\Desktop\Dilation_erosion\OV7670_VGA_Dispaly.xpr
# Log file: C:/Users/11986/Desktop/Dilation_erosion/vivado.log
# Journal file: C:/Users/11986/Desktop/Dilation_erosion\vivado.jou
#-----------------------------------------------------------
start_gui
open_project C:/Users/11986/Desktop/Dilation_erosion/OV7670_VGA_Dispaly.xpr
Scanning sources...
Finished scanning sources
WARNING: [filemgmt 56-3] IP Repository Path: Could not find the directory 'C:/Users/vivado-library-master/ip'.
INFO: [IP_Flow 19-234] Refreshing IP repositories
WARNING: [IP_Flow 19-2248] Failed to load user IP repository 'c:/Users/vivado-library-master/ip'; Can't find the specified path.
If this directory should no longer be in your list of user repositories, go to the IP Settings dialog and remove it.
INFO: [IP_Flow 19-2313] Loaded Vivado IP repository 'G:/Vivado/2019.2/data/ip'.
WARNING: [IP_Flow 19-2162] IP 'rgb2dvi_0' is locked:
* IP definition 'rgb2dvi (1.4)' for IP 'rgb2dvi_0' (customized with software release 2019.2) was not found in the IP Catalog. * Current project part 'xc7z020clg400-1' and the part 'xc7z010clg400-1' used to customize the IP 'rgb2dvi_0' do not match.
WARNING: [IP_Flow 19-2162] IP 'Shift_RAM_3X3_8bit' is locked:
* Current project part 'xc7z020clg400-1' and the part 'xc7z010clg400-1' used to customize the IP 'Shift_RAM_3X3_8bit' do not match.
WARNING: [IP_Flow 19-2162] IP 'frame_buffer' is locked:
* Current project part 'xc7z020clg400-1' and the part 'xc7z010clg400-1' used to customize the IP 'frame_buffer' do not match.
WARNING: [IP_Flow 19-2162] IP 'clock' is locked:
* Current project part 'xc7z020clg400-1' and the part 'xc7z010clg400-1' used to customize the IP 'clock' do not match.
open_project: Time (s): cpu = 00:00:19 ; elapsed = 00:00:10 . Memory (MB): peak = 883.000 ; gain = 256.121
update_compile_order -fileset sources_1
update_compile_order -fileset sources_1
reset_run synth_2
reset_run rgb2dvi_0_synth_1
reset_run Shift_RAM_3X3_8bit_synth_1
reset_run frame_buffer_synth_1
reset_run clock_synth_1
launch_runs impl_2 -to_step write_bitstream -jobs 4
WARNING: [Project 1-577] IP run rgb2dvi_0_synth_1 is available but is out of date. Since the IP is locked, the synthesis checkpoint cannot be updated. The out-of-date checkpoint will be used and it may result in incorrect behavior.
Please select 'Report IP Status' from the 'Tools/Report' menu or run the Tcl command 'report_ip_status' for more information.
WARNING: [Project 1-577] IP run Shift_RAM_3X3_8bit_synth_1 is available but is out of date. Since the IP is locked, the synthesis checkpoint cannot be updated. The out-of-date checkpoint will be used and it may result in incorrect behavior.
Please select 'Report IP Status' from the 'Tools/Report' menu or run the Tcl command 'report_ip_status' for more information.
WARNING: [Project 1-577] IP run frame_buffer_synth_1 is available but is out of date. Since the IP is locked, the synthesis checkpoint cannot be updated. The out-of-date checkpoint will be used and it may result in incorrect behavior.
Please select 'Report IP Status' from the 'Tools/Report' menu or run the Tcl command 'report_ip_status' for more information.
WARNING: [Project 1-577] IP run clock_synth_1 is available but is out of date. Since the IP is locked, the synthesis checkpoint cannot be updated. The out-of-date checkpoint will be used and it may result in incorrect behavior.
Please select 'Report IP Status' from the 'Tools/Report' menu or run the Tcl command 'report_ip_status' for more information.
WARNING: [Runs 36-337] The following IPs are either missing output products or output products are not up-to-date for Synthesis target. Since these IPs are locked, no update to the output products can be done. 
Please select 'Report IP Status' from the 'Tools/Report' menu or run Tcl command 'report_ip_status' for more information.
C:/Users/11986/Desktop/Dilation_erosion/OV7670_VGA_Dispaly.srcs/sources_1/ip/rgb2dvi_0/rgb2dvi_0.xci

WARNING: [Runs 36-337] The following IPs are either missing output products or output products are not up-to-date for Synthesis target. Since these IPs are locked, no update to the output products can be done. 
Please select 'Report IP Status' from the 'Tools/Report' menu or run Tcl command 'report_ip_status' for more information.
C:/Users/11986/Desktop/Dilation_erosion/OV7670_VGA_Dispaly.srcs/sources_1/ip/Shift_RAM_3X3_8bit/Shift_RAM_3X3_8bit.xci

WARNING: [Runs 36-337] The following IPs are either missing output products or output products are not up-to-date for Synthesis target. Since these IPs are locked, no update to the output products can be done. 
Please select 'Report IP Status' from the 'Tools/Report' menu or run Tcl command 'report_ip_status' for more information.
C:/Users/11986/Desktop/Dilation_erosion/OV7670_VGA_Dispaly.srcs/sources_1/ip/frame_buffer/frame_buffer.xci

WARNING: [Runs 36-337] The following IPs are either missing output products or output products are not up-to-date for Synthesis target. Since these IPs are locked, no update to the output products can be done. 
Please select 'Report IP Status' from the 'Tools/Report' menu or run Tcl command 'report_ip_status' for more information.
C:/Users/11986/Desktop/Dilation_erosion/OV7670_VGA_Dispaly.srcs/sources_1/ip/clock/clock.xci

WARNING: [Runs 36-337] The following IPs are either missing output products or output products are not up-to-date for Implementation target. Since these IPs are locked, no update to the output products can be done. 
Please select 'Report IP Status' from the 'Tools/Report' menu or run Tcl command 'report_ip_status' for more information.
C:/Users/11986/Desktop/Dilation_erosion/OV7670_VGA_Dispaly.srcs/sources_1/ip/clock/clock.xci

WARNING: [Project 1-576] IP 'C:/Users/11986/Desktop/Dilation_erosion/OV7670_VGA_Dispaly.srcs/sources_1/ip/rgb2dvi_0/rgb2dvi_0.xci' in run rgb2dvi_0_synth_1 is locked, no out-of-context (OOC) run will be launched. The run may not be able to complete.
Please select 'Report IP Status' from 'Tools/Report' or run the Tcl command 'report_ip_status' for more information.
WARNING: [Project 1-576] IP 'C:/Users/11986/Desktop/Dilation_erosion/OV7670_VGA_Dispaly.srcs/sources_1/ip/Shift_RAM_3X3_8bit/Shift_RAM_3X3_8bit.xci' in run Shift_RAM_3X3_8bit_synth_1 is locked, no out-of-context (OOC) run will be launched. The run may not be able to complete.
Please select 'Report IP Status' from 'Tools/Report' or run the Tcl command 'report_ip_status' for more information.
WARNING: [Project 1-576] IP 'C:/Users/11986/Desktop/Dilation_erosion/OV7670_VGA_Dispaly.srcs/sources_1/ip/frame_buffer/frame_buffer.xci' in run frame_buffer_synth_1 is locked, no out-of-context (OOC) run will be launched. The run may not be able to complete.
Please select 'Report IP Status' from 'Tools/Report' or run the Tcl command 'report_ip_status' for more information.
WARNING: [Project 1-576] IP 'C:/Users/11986/Desktop/Dilation_erosion/OV7670_VGA_Dispaly.srcs/sources_1/ip/clock/clock.xci' in run clock_synth_1 is locked, no out-of-context (OOC) run will be launched. The run may not be able to complete.
Please select 'Report IP Status' from 'Tools/Report' or run the Tcl command 'report_ip_status' for more information.
[Wed Feb  5 13:39:02 2020] Launched rgb2dvi_0_synth_1, Shift_RAM_3X3_8bit_synth_1, frame_buffer_synth_1, clock_synth_1, synth_2...
Run output will be captured here:
rgb2dvi_0_synth_1: C:/Users/11986/Desktop/Dilation_erosion/OV7670_VGA_Dispaly.runs/rgb2dvi_0_synth_1/runme.log
Shift_RAM_3X3_8bit_synth_1: C:/Users/11986/Desktop/Dilation_erosion/OV7670_VGA_Dispaly.runs/Shift_RAM_3X3_8bit_synth_1/runme.log
frame_buffer_synth_1: C:/Users/11986/Desktop/Dilation_erosion/OV7670_VGA_Dispaly.runs/frame_buffer_synth_1/runme.log
clock_synth_1: C:/Users/11986/Desktop/Dilation_erosion/OV7670_VGA_Dispaly.runs/clock_synth_1/runme.log
synth_2: C:/Users/11986/Desktop/Dilation_erosion/OV7670_VGA_Dispaly.runs/synth_2/runme.log
[Wed Feb  5 13:39:03 2020] Launched impl_2...
Run output will be captured here: C:/Users/11986/Desktop/Dilation_erosion/OV7670_VGA_Dispaly.runs/impl_2/runme.log
open_hw_manager
connect_hw_server -allow_non_jtag
INFO: [Labtools 27-2285] Connecting to hw_server url TCP:localhost:3121
INFO: [Labtools 27-2222] Launching hw_server...
INFO: [Labtools 27-2221] Launch Output:

****** Xilinx hw_server v2019.2
  **** Build date : Oct 24 2019 at 19:17:01
    ** Copyright 1986-2019 Xilinx, Inc. All Rights Reserved.


INFO: [Labtools 27-3415] Connecting to cs_server url TCP:localhost:3042
INFO: [Labtools 27-3417] Launching cs_server...
INFO: [Labtools 27-2221] Launch Output:


****** Xilinx cs_server v2019.2.0
  **** Build date : Oct 25 2019-02:33:05
    ** Copyright 2017-2019 Xilinx, Inc. All Rights Reserved.



connect_hw_server: Time (s): cpu = 00:00:01 ; elapsed = 00:00:10 . Memory (MB): peak = 1103.820 ; gain = 0.000
open_hw_target
INFO: [Labtoolstcl 44-466] Opening hw_target localhost:3121/xilinx_tcf/Digilent/003017A8BA07A
open_hw_target: Time (s): cpu = 00:00:06 ; elapsed = 00:00:10 . Memory (MB): peak = 2233.695 ; gain = 1129.875
current_hw_device [get_hw_devices xc7z020_1]
refresh_hw_device -update_hw_probes false [lindex [get_hw_devices xc7z020_1] 0]
INFO: [Labtools 27-1435] Device xc7z020 (JTAG device index = 1) is not programmed (DONE status = 0).
set_property PROBES.FILE {} [get_hw_devices xc7z020_1]
set_property FULL_PROBES.FILE {} [get_hw_devices xc7z020_1]
set_property PROGRAM.FILE {C:/Users/11986/Documents/vivado_new/Uart_Median_Sobel_Erosion_Dilation/Uart_Median_Sobel_Erosion_Dilation.runs/impl_1/VGA_display_picture.bit} [get_hw_devices xc7z020_1]
program_hw_devices [get_hw_devices xc7z020_1]
ERROR: [Labtools 27-3303] Incorrect bitstream assigned to device. Bitfile is incompatible for this device.
ERROR: [Labtools 27-3165] End of startup status: LOW
ERROR: [Common 17-39] 'program_hw_devices' failed due to earlier errors.
reset_run synth_2
launch_runs impl_2 -to_step write_bitstream -jobs 4
WARNING: [Project 1-577] IP run clock_synth_1 is available but is out of date. Since the IP is locked, the synthesis checkpoint cannot be updated. The out-of-date checkpoint will be used and it may result in incorrect behavior.
Please select 'Report IP Status' from the 'Tools/Report' menu or run the Tcl command 'report_ip_status' for more information.
WARNING: [Project 1-577] IP run clock_synth_1 is available but is out of date. Since the IP is locked, the synthesis checkpoint cannot be updated. The out-of-date checkpoint will be used and it may result in incorrect behavior.
Please select 'Report IP Status' from the 'Tools/Report' menu or run the Tcl command 'report_ip_status' for more information.
[Wed Feb  5 14:05:30 2020] Launched clock_synth_1, synth_2...
Run output will be captured here:
clock_synth_1: C:/Users/11986/Desktop/Dilation_erosion/OV7670_VGA_Dispaly.runs/clock_synth_1/runme.log
synth_2: C:/Users/11986/Desktop/Dilation_erosion/OV7670_VGA_Dispaly.runs/synth_2/runme.log
[Wed Feb  5 14:05:30 2020] Launched impl_2...
Run output will be captured here: C:/Users/11986/Desktop/Dilation_erosion/OV7670_VGA_Dispaly.runs/impl_2/runme.log
reset_run synth_2
reset_run clock_synth_1
launch_runs impl_2 -to_step write_bitstream -jobs 4
WARNING: [Project 1-577] IP run clock_synth_1 is available but is out of date. Since the IP is locked, the synthesis checkpoint cannot be updated. The out-of-date checkpoint will be used and it may result in incorrect behavior.
Please select 'Report IP Status' from the 'Tools/Report' menu or run the Tcl command 'report_ip_status' for more information.
WARNING: [Runs 36-337] The following IPs are either missing output products or output products are not up-to-date for Synthesis target. Since these IPs are locked, no update to the output products can be done. 
Please select 'Report IP Status' from the 'Tools/Report' menu or run Tcl command 'report_ip_status' for more information.
C:/Users/11986/Desktop/Dilation_erosion/OV7670_VGA_Dispaly.srcs/sources_1/ip/clock/clock.xci

WARNING: [Runs 36-337] The following IPs are either missing output products or output products are not up-to-date for Implementation target. Since these IPs are locked, no update to the output products can be done. 
Please select 'Report IP Status' from the 'Tools/Report' menu or run Tcl command 'report_ip_status' for more information.
C:/Users/11986/Desktop/Dilation_erosion/OV7670_VGA_Dispaly.srcs/sources_1/ip/clock/clock.xci

WARNING: [Project 1-576] IP 'C:/Users/11986/Desktop/Dilation_erosion/OV7670_VGA_Dispaly.srcs/sources_1/ip/clock/clock.xci' in run clock_synth_1 is locked, no out-of-context (OOC) run will be launched. The run may not be able to complete.
Please select 'Report IP Status' from 'Tools/Report' or run the Tcl command 'report_ip_status' for more information.
[Wed Feb  5 14:10:21 2020] Launched clock_synth_1, synth_2...
Run output will be captured here:
clock_synth_1: C:/Users/11986/Desktop/Dilation_erosion/OV7670_VGA_Dispaly.runs/clock_synth_1/runme.log
synth_2: C:/Users/11986/Desktop/Dilation_erosion/OV7670_VGA_Dispaly.runs/synth_2/runme.log
[Wed Feb  5 14:10:21 2020] Launched impl_2...
Run output will be captured here: C:/Users/11986/Desktop/Dilation_erosion/OV7670_VGA_Dispaly.runs/impl_2/runme.log
ERROR: [Labtoolstcl 44-513] HW Target shutdown. Closing target: localhost:3121/xilinx_tcf/Digilent/003017A8BA07A
INFO: [Labtoolstcl 44-466] Opening hw_target localhost:3121/xilinx_tcf/Digilent/003017A8BA07A
WARNING: [Labtoolstcl 44-129] No matching hw_ila_data was found.
INFO: [Labtools 27-1435] Device xc7z020 (JTAG device index = 1) is not programmed (DONE status = 0).
WARNING: [Labtoolstcl 44-129] No matching hw_ila_data was found.
set_property PROBES.FILE {} [get_hw_devices xc7z020_1]
set_property FULL_PROBES.FILE {} [get_hw_devices xc7z020_1]
set_property PROGRAM.FILE {C:/Users/11986/Desktop/Dilation_erosion/OV7670_VGA_Dispaly.runs/impl_2/ov7670_top.bit} [get_hw_devices xc7z020_1]
program_hw_devices [get_hw_devices xc7z020_1]
INFO: [Labtools 27-3164] End of startup status: HIGH
refresh_hw_device [lindex [get_hw_devices xc7z020_1] 0]
INFO: [Labtools 27-1434] Device xc7z020 (JTAG device index = 1) is programmed with a design that has no supported debug core(s) in it.
ERROR: [Labtoolstcl 44-513] HW Target shutdown. Closing target: localhost:3121/xilinx_tcf/Digilent/003017A8BA07A
reset_run synth_2
launch_runs impl_2 -to_step write_bitstream -jobs 4
[Wed Feb  5 14:54:44 2020] Launched synth_2...
Run output will be captured here: C:/Users/11986/Desktop/Dilation_erosion/OV7670_VGA_Dispaly.runs/synth_2/runme.log
[Wed Feb  5 14:54:44 2020] Launched impl_2...
Run output will be captured here: C:/Users/11986/Desktop/Dilation_erosion/OV7670_VGA_Dispaly.runs/impl_2/runme.log
reset_run synth_2
launch_runs impl_2 -to_step write_bitstream -jobs 4
[Wed Feb  5 14:56:40 2020] Launched synth_2...
Run output will be captured here: C:/Users/11986/Desktop/Dilation_erosion/OV7670_VGA_Dispaly.runs/synth_2/runme.log
[Wed Feb  5 14:56:40 2020] Launched impl_2...
Run output will be captured here: C:/Users/11986/Desktop/Dilation_erosion/OV7670_VGA_Dispaly.runs/impl_2/runme.log
report_ip_status -name ip_status 
upgrade_ip -srcset Shift_RAM_3X3_8bit [get_ips  {Shift_RAM_3X3_8bit clock frame_buffer}] -log ip_upgrade.log
Upgrading 'Shift_RAM_3X3_8bit'
WARNING: [Vivado 12-1017] Problems encountered:
1. Failed to delete one or more files in run directory C:/Users/11986/Desktop/Dilation_erosion/OV7670_VGA_Dispaly.runs/Shift_RAM_3X3_8bit_synth_1

INFO: [Project 1-386] Moving file 'C:/Users/11986/Desktop/Dilation_erosion/OV7670_VGA_Dispaly.srcs/sources_1/ip/Shift_RAM_3X3_8bit/Shift_RAM_3X3_8bit.xci' from fileset 'Shift_RAM_3X3_8bit' to fileset 'sources_1'.
INFO: [IP_Flow 19-3420] Updated Shift_RAM_3X3_8bit to use current project options
INFO: [IP_Flow 19-1686] Generating 'Instantiation Template' target for IP 'Shift_RAM_3X3_8bit'...
Upgrading 'clock'
INFO: [Project 1-386] Moving file 'C:/Users/11986/Desktop/Dilation_erosion/OV7670_VGA_Dispaly.srcs/sources_1/ip/clock/clock.xci' from fileset 'clock' to fileset 'sources_1'.
INFO: [IP_Flow 19-3420] Updated clock to use current project options
INFO: [IP_Flow 19-1686] Generating 'Instantiation Template' target for IP 'clock'...
Upgrading 'frame_buffer'
WARNING: [Vivado 12-1017] Problems encountered:
1. Failed to delete one or more files in run directory C:/Users/11986/Desktop/Dilation_erosion/OV7670_VGA_Dispaly.runs/frame_buffer_synth_1

INFO: [Project 1-386] Moving file 'C:/Users/11986/Desktop/Dilation_erosion/OV7670_VGA_Dispaly.srcs/sources_1/ip/frame_buffer/frame_buffer.xci' from fileset 'frame_buffer' to fileset 'sources_1'.
INFO: [IP_Flow 19-3420] Updated frame_buffer to use current project options
INFO: [IP_Flow 19-1686] Generating 'Instantiation Template' target for IP 'frame_buffer'...
INFO: [Coretcl 2-1525] Wrote upgrade log to 'C:/Users/11986/Desktop/Dilation_erosion/ip_upgrade.log'.
upgrade_ip: Time (s): cpu = 00:00:08 ; elapsed = 00:00:08 . Memory (MB): peak = 2707.156 ; gain = 134.121
export_ip_user_files -of_objects [get_ips {Shift_RAM_3X3_8bit clock frame_buffer}] -no_script -sync -force -quiet
update_compile_order -fileset sources_1
reset_run synth_2
launch_runs impl_2 -to_step write_bitstream -jobs 4
INFO: [IP_Flow 19-1686] Generating 'Synthesis' target for IP 'Shift_RAM_3X3_8bit'...
INFO: [IP_Flow 19-1686] Generating 'Synthesis' target for IP 'frame_buffer'...
INFO: [IP_Flow 19-1686] Generating 'Synthesis' target for IP 'clock'...
INFO: [IP_Flow 19-1686] Generating 'Implementation' target for IP 'clock'...
[Wed Feb  5 15:06:41 2020] Launched clock_synth_1, frame_buffer_synth_1, Shift_RAM_3X3_8bit_synth_1, synth_2...
Run output will be captured here:
clock_synth_1: C:/Users/11986/Desktop/Dilation_erosion/OV7670_VGA_Dispaly.runs/clock_synth_1/runme.log
frame_buffer_synth_1: C:/Users/11986/Desktop/Dilation_erosion/OV7670_VGA_Dispaly.runs/frame_buffer_synth_1/runme.log
Shift_RAM_3X3_8bit_synth_1: C:/Users/11986/Desktop/Dilation_erosion/OV7670_VGA_Dispaly.runs/Shift_RAM_3X3_8bit_synth_1/runme.log
synth_2: C:/Users/11986/Desktop/Dilation_erosion/OV7670_VGA_Dispaly.runs/synth_2/runme.log
[Wed Feb  5 15:06:41 2020] Launched impl_2...
Run output will be captured here: C:/Users/11986/Desktop/Dilation_erosion/OV7670_VGA_Dispaly.runs/impl_2/runme.log
reset_run synth_2
launch_runs impl_2 -to_step write_bitstream -jobs 4
[Wed Feb  5 15:10:40 2020] Launched synth_2...
Run output will be captured here: C:/Users/11986/Desktop/Dilation_erosion/OV7670_VGA_Dispaly.runs/synth_2/runme.log
[Wed Feb  5 15:10:40 2020] Launched impl_2...
Run output will be captured here: C:/Users/11986/Desktop/Dilation_erosion/OV7670_VGA_Dispaly.runs/impl_2/runme.log
reset_run impl_2
reset_run synth_2
launch_runs impl_2 -to_step write_bitstream -jobs 4
[Wed Feb  5 15:13:00 2020] Launched synth_2...
Run output will be captured here: C:/Users/11986/Desktop/Dilation_erosion/OV7670_VGA_Dispaly.runs/synth_2/runme.log
[Wed Feb  5 15:13:00 2020] Launched impl_2...
Run output will be captured here: C:/Users/11986/Desktop/Dilation_erosion/OV7670_VGA_Dispaly.runs/impl_2/runme.log
reset_run synth_2
launch_runs impl_2 -to_step write_bitstream -jobs 4
[Wed Feb  5 15:17:52 2020] Launched synth_2...
Run output will be captured here: C:/Users/11986/Desktop/Dilation_erosion/OV7670_VGA_Dispaly.runs/synth_2/runme.log
[Wed Feb  5 15:17:52 2020] Launched impl_2...
Run output will be captured here: C:/Users/11986/Desktop/Dilation_erosion/OV7670_VGA_Dispaly.runs/impl_2/runme.log
INFO: [Labtoolstcl 44-466] Opening hw_target localhost:3121/xilinx_tcf/Digilent/003017A8BA07A
WARNING: [Labtoolstcl 44-129] No matching hw_ila_data was found.
INFO: [Labtools 27-1435] Device xc7z020 (JTAG device index = 1) is not programmed (DONE status = 0).
WARNING: [Labtoolstcl 44-129] No matching hw_ila_data was found.
set_property PROBES.FILE {} [get_hw_devices xc7z020_1]
set_property FULL_PROBES.FILE {} [get_hw_devices xc7z020_1]
set_property PROGRAM.FILE {C:/Users/11986/Desktop/Dilation_erosion/OV7670_VGA_Dispaly.runs/impl_2/ov7670_top.bit} [get_hw_devices xc7z020_1]
program_hw_devices [get_hw_devices xc7z020_1]
INFO: [Labtools 27-3164] End of startup status: HIGH
refresh_hw_device [lindex [get_hw_devices xc7z020_1] 0]
INFO: [Labtools 27-1434] Device xc7z020 (JTAG device index = 1) is programmed with a design that has no supported debug core(s) in it.
ERROR: [Labtoolstcl 44-513] HW Target shutdown. Closing target: localhost:3121/xilinx_tcf/Digilent/003017A8BA07A
reset_run synth_2
launch_runs impl_2 -to_step write_bitstream -jobs 4
[Wed Feb  5 15:25:21 2020] Launched synth_2...
Run output will be captured here: C:/Users/11986/Desktop/Dilation_erosion/OV7670_VGA_Dispaly.runs/synth_2/runme.log
[Wed Feb  5 15:25:21 2020] Launched impl_2...
Run output will be captured here: C:/Users/11986/Desktop/Dilation_erosion/OV7670_VGA_Dispaly.runs/impl_2/runme.log
INFO: [Labtoolstcl 44-466] Opening hw_target localhost:3121/xilinx_tcf/Digilent/003017A8BA07A
WARNING: [Labtoolstcl 44-129] No matching hw_ila_data was found.
INFO: [Labtools 27-1435] Device xc7z020 (JTAG device index = 1) is not programmed (DONE status = 0).
WARNING: [Labtoolstcl 44-129] No matching hw_ila_data was found.
set_property PROBES.FILE {} [get_hw_devices xc7z020_1]
set_property FULL_PROBES.FILE {} [get_hw_devices xc7z020_1]
set_property PROGRAM.FILE {C:/Users/11986/Desktop/Dilation_erosion/OV7670_VGA_Dispaly.runs/impl_2/ov7670_top.bit} [get_hw_devices xc7z020_1]
program_hw_devices [get_hw_devices xc7z020_1]
INFO: [Labtools 27-3164] End of startup status: HIGH
refresh_hw_device [lindex [get_hw_devices xc7z020_1] 0]
INFO: [Labtools 27-1434] Device xc7z020 (JTAG device index = 1) is programmed with a design that has no supported debug core(s) in it.
ERROR: [Labtoolstcl 44-513] HW Target shutdown. Closing target: localhost:3121/xilinx_tcf/Digilent/003017A8BA07A
exit
INFO: [Common 17-206] Exiting Vivado at Wed Feb  5 15:36:36 2020...
