INFO: [VRFC 10-2263] Analyzing Verilog file "C:/Users/11986/Desktop/ZYNQ_OV7670_hdmi_Dispaly/OV7670_VGA_Dispaly.srcs/sources_1/ip/frame_buffer/frame_buffer_sim_netlist.v" into library xil_defaultlib
INFO: [VRFC 10-311] analyzing module frame_buffer
INFO: [VRFC 10-311] analyzing module frame_buffer_bindec
INFO: [VRFC 10-311] analyzing module frame_buffer_bindec_0
INFO: [VRFC 10-311] analyzing module frame_buffer_blk_mem_gen_generic_cstr
INFO: [VRFC 10-311] analyzing module frame_buffer_blk_mem_gen_mux__parameterized0
INFO: [VRFC 10-311] analyzing module frame_buffer_blk_mem_gen_prim_width
INFO: [VRFC 10-311] analyzing module frame_buffer_blk_mem_gen_prim_width__parameterized0
INFO: [VRFC 10-311] analyzing module frame_buffer_blk_mem_gen_prim_width__parameterized1
INFO: [VRFC 10-311] analyzing module frame_buffer_blk_mem_gen_prim_width__parameterized10
INFO: [VRFC 10-311] analyzing module frame_buffer_blk_mem_gen_prim_width__parameterized11
INFO: [VRFC 10-311] analyzing module frame_buffer_blk_mem_gen_prim_width__parameterized12
INFO: [VRFC 10-311] analyzing module frame_buffer_blk_mem_gen_prim_width__parameterized13
INFO: [VRFC 10-311] analyzing module frame_buffer_blk_mem_gen_prim_width__parameterized14
INFO: [VRFC 10-311] analyzing module frame_buffer_blk_mem_gen_prim_width__parameterized15
INFO: [VRFC 10-311] analyzing module frame_buffer_blk_mem_gen_prim_width__parameterized16
INFO: [VRFC 10-311] analyzing module frame_buffer_blk_mem_gen_prim_width__parameterized17
INFO: [VRFC 10-311] analyzing module frame_buffer_blk_mem_gen_prim_width__parameterized18
INFO: [VRFC 10-311] analyzing module frame_buffer_blk_mem_gen_prim_width__parameterized19
INFO: [VRFC 10-311] analyzing module frame_buffer_blk_mem_gen_prim_width__parameterized2
INFO: [VRFC 10-311] analyzing module frame_buffer_blk_mem_gen_prim_width__parameterized20
INFO: [VRFC 10-311] analyzing module frame_buffer_blk_mem_gen_prim_width__parameterized21
INFO: [VRFC 10-311] analyzing module frame_buffer_blk_mem_gen_prim_width__parameterized22
INFO: [VRFC 10-311] analyzing module frame_buffer_blk_mem_gen_prim_width__parameterized23
INFO: [VRFC 10-311] analyzing module frame_buffer_blk_mem_gen_prim_width__parameterized24
INFO: [VRFC 10-311] analyzing module frame_buffer_blk_mem_gen_prim_width__parameterized25
INFO: [VRFC 10-311] analyzing module frame_buffer_blk_mem_gen_prim_width__parameterized26
INFO: [VRFC 10-311] analyzing module frame_buffer_blk_mem_gen_prim_width__parameterized27
INFO: [VRFC 10-311] analyzing module frame_buffer_blk_mem_gen_prim_width__parameterized28
INFO: [VRFC 10-311] analyzing module frame_buffer_blk_mem_gen_prim_width__parameterized29
INFO: [VRFC 10-311] analyzing module frame_buffer_blk_mem_gen_prim_width__parameterized3
INFO: [VRFC 10-311] analyzing module frame_buffer_blk_mem_gen_prim_width__parameterized4
INFO: [VRFC 10-311] analyzing module frame_buffer_blk_mem_gen_prim_width__parameterized5
INFO: [VRFC 10-311] analyzing module frame_buffer_blk_mem_gen_prim_width__parameterized6
INFO: [VRFC 10-311] analyzing module frame_buffer_blk_mem_gen_prim_width__parameterized7
INFO: [VRFC 10-311] analyzing module frame_buffer_blk_mem_gen_prim_width__parameterized8
INFO: [VRFC 10-311] analyzing module frame_buffer_blk_mem_gen_prim_width__parameterized9
INFO: [VRFC 10-311] analyzing module frame_buffer_blk_mem_gen_prim_wrapper
INFO: [VRFC 10-311] analyzing module frame_buffer_blk_mem_gen_prim_wrapper__parameterized0
INFO: [VRFC 10-311] analyzing module frame_buffer_blk_mem_gen_prim_wrapper__parameterized1
INFO: [VRFC 10-311] analyzing module frame_buffer_blk_mem_gen_prim_wrapper__parameterized10
INFO: [VRFC 10-311] analyzing module frame_buffer_blk_mem_gen_prim_wrapper__parameterized11
INFO: [VRFC 10-311] analyzing module frame_buffer_blk_mem_gen_prim_wrapper__parameterized12
INFO: [VRFC 10-311] analyzing module frame_buffer_blk_mem_gen_prim_wrapper__parameterized13
INFO: [VRFC 10-311] analyzing module frame_buffer_blk_mem_gen_prim_wrapper__parameterized14
INFO: [VRFC 10-311] analyzing module frame_buffer_blk_mem_gen_prim_wrapper__parameterized15
INFO: [VRFC 10-311] analyzing module frame_buffer_blk_mem_gen_prim_wrapper__parameterized16
INFO: [VRFC 10-311] analyzing module frame_buffer_blk_mem_gen_prim_wrapper__parameterized17
INFO: [VRFC 10-311] analyzing module frame_buffer_blk_mem_gen_prim_wrapper__parameterized18
INFO: [VRFC 10-311] analyzing module frame_buffer_blk_mem_gen_prim_wrapper__parameterized19
INFO: [VRFC 10-311] analyzing module frame_buffer_blk_mem_gen_prim_wrapper__parameterized2
INFO: [VRFC 10-311] analyzing module frame_buffer_blk_mem_gen_prim_wrapper__parameterized20
INFO: [VRFC 10-311] analyzing module frame_buffer_blk_mem_gen_prim_wrapper__parameterized21
INFO: [VRFC 10-311] analyzing module frame_buffer_blk_mem_gen_prim_wrapper__parameterized22
INFO: [VRFC 10-311] analyzing module frame_buffer_blk_mem_gen_prim_wrapper__parameterized23
INFO: [VRFC 10-311] analyzing module frame_buffer_blk_mem_gen_prim_wrapper__parameterized24
INFO: [VRFC 10-311] analyzing module frame_buffer_blk_mem_gen_prim_wrapper__parameterized25
INFO: [VRFC 10-311] analyzing module frame_buffer_blk_mem_gen_prim_wrapper__parameterized26
INFO: [VRFC 10-311] analyzing module frame_buffer_blk_mem_gen_prim_wrapper__parameterized27
INFO: [VRFC 10-311] analyzing module frame_buffer_blk_mem_gen_prim_wrapper__parameterized28
INFO: [VRFC 10-311] analyzing module frame_buffer_blk_mem_gen_prim_wrapper__parameterized29
INFO: [VRFC 10-311] analyzing module frame_buffer_blk_mem_gen_prim_wrapper__parameterized3
INFO: [VRFC 10-311] analyzing module frame_buffer_blk_mem_gen_prim_wrapper__parameterized4
INFO: [VRFC 10-311] analyzing module frame_buffer_blk_mem_gen_prim_wrapper__parameterized5
INFO: [VRFC 10-311] analyzing module frame_buffer_blk_mem_gen_prim_wrapper__parameterized6
INFO: [VRFC 10-311] analyzing module frame_buffer_blk_mem_gen_prim_wrapper__parameterized7
INFO: [VRFC 10-311] analyzing module frame_buffer_blk_mem_gen_prim_wrapper__parameterized8
INFO: [VRFC 10-311] analyzing module frame_buffer_blk_mem_gen_prim_wrapper__parameterized9
INFO: [VRFC 10-311] analyzing module frame_buffer_blk_mem_gen_top
INFO: [VRFC 10-311] analyzing module frame_buffer_blk_mem_gen_v8_4_4
INFO: [VRFC 10-311] analyzing module frame_buffer_blk_mem_gen_v8_4_4_synth
INFO: [VRFC 10-311] analyzing module glbl
INFO: [VRFC 10-2263] Analyzing Verilog file "C:/Users/11986/Desktop/ZYNQ_OV7670_hdmi_Dispaly/OV7670_VGA_Dispaly.srcs/sources_1/ip/clock/clock_sim_netlist.v" into library xil_defaultlib
INFO: [VRFC 10-311] analyzing module clock
INFO: [VRFC 10-311] analyzing module clock_clock_clk_wiz
INFO: [VRFC 10-2263] Analyzing Verilog file "C:/Users/11986/Desktop/ZYNQ_OV7670_hdmi_Dispaly/OV7670_VGA_Dispaly.srcs/sources_1/new/I2C_AV_Config.v" into library xil_defaultlib
INFO: [VRFC 10-311] analyzing module I2C_AV_Config
INFO: [VRFC 10-2263] Analyzing Verilog file "C:/Users/11986/Desktop/ZYNQ_OV7670_hdmi_Dispaly/OV7670_VGA_Dispaly.srcs/sources_1/new/I2C_Controller.v" into library xil_defaultlib
INFO: [VRFC 10-311] analyzing module I2C_Controller
INFO: [VRFC 10-2263] Analyzing Verilog file "C:/Users/11986/Desktop/ZYNQ_OV7670_hdmi_Dispaly/OV7670_VGA_Dispaly.srcs/sources_1/new/I2C_OV7670_RGB565_Config.v" into library xil_defaultlib
INFO: [VRFC 10-311] analyzing module I2C_OV7670_RGB565_Config
INFO: [VRFC 10-2263] Analyzing Verilog file "C:/Users/11986/Desktop/ZYNQ_OV7670_hdmi_Dispaly/OV7670_VGA_Dispaly.srcs/sources_1/new/VGA_Display.v" into library xil_defaultlib
INFO: [VRFC 10-311] analyzing module VGA_Dispay
INFO: [VRFC 10-2458] undeclared symbol HCnt, assumed default net type wire [C:/Users/11986/Desktop/ZYNQ_OV7670_hdmi_Dispaly/OV7670_VGA_Dispaly.srcs/sources_1/new/VGA_Display.v:85]
INFO: [VRFC 10-2458] undeclared symbol VCnt, assumed default net type wire [C:/Users/11986/Desktop/ZYNQ_OV7670_hdmi_Dispaly/OV7670_VGA_Dispaly.srcs/sources_1/new/VGA_Display.v:86]
WARNING: [VRFC 10-2096] empty statement in sequential block [C:/Users/11986/Desktop/ZYNQ_OV7670_hdmi_Dispaly/OV7670_VGA_Dispaly.srcs/sources_1/new/VGA_Display.v:116]
WARNING: [VRFC 10-3380] identifier 'lcd_data_r0' is used before its declaration [C:/Users/11986/Desktop/ZYNQ_OV7670_hdmi_Dispaly/OV7670_VGA_Dispaly.srcs/sources_1/new/VGA_Display.v:103]
INFO: [VRFC 10-2263] Analyzing Verilog file "C:/Users/11986/Desktop/ZYNQ_OV7670_hdmi_Dispaly/OV7670_VGA_Dispaly.srcs/sources_1/new/debounce.v" into library xil_defaultlib
INFO: [VRFC 10-311] analyzing module debounce
INFO: [VRFC 10-2263] Analyzing Verilog file "C:/Users/11986/Desktop/ZYNQ_OV7670_hdmi_Dispaly/OV7670_VGA_Dispaly.srcs/sources_1/new/ov7670_capture.v" into library xil_defaultlib
INFO: [VRFC 10-311] analyzing module ov7670_capture
WARNING: [VRFC 10-2096] empty statement in sequential block [C:/Users/11986/Desktop/ZYNQ_OV7670_hdmi_Dispaly/OV7670_VGA_Dispaly.srcs/sources_1/new/ov7670_capture.v:44]
INFO: [VRFC 10-2263] Analyzing Verilog file "C:/Users/11986/Desktop/ZYNQ_OV7670_hdmi_Dispaly/OV7670_VGA_Dispaly.srcs/sources_1/new/ov7670_top.v" into library xil_defaultlib
INFO: [VRFC 10-311] analyzing module ov7670_top
INFO: [VRFC 10-2263] Analyzing Verilog file "C:/Users/11986/Desktop/ZYNQ_OV7670_hdmi_Dispaly/OV7670_VGA_Dispaly.sim/sim_1/behav/xsim/glbl.v" into library xil_defaultlib
INFO: [VRFC 10-311] analyzing module glbl
WARNING: [VRFC 10-3609] overwriting previous definition of module 'glbl' [C:/Users/11986/Desktop/ZYNQ_OV7670_hdmi_Dispaly/OV7670_VGA_Dispaly.sim/sim_1/behav/xsim/glbl.v:6]
